<?xml version="1.0" encoding="utf-8"?><testsuites name="pytest tests"><testsuite name="pytest" errors="0" failures="0" skipped="0" tests="16" time="5.330" timestamp="2026-03-16T21:39:19.572376+00:00" hostname="agent-env-6ef79f7d-1314-42e6-91c9-f51b0c19be78"><testcase classname="tests.test_trinisaver_api.TestAuth" name="test_register_new_user" time="0.515" /><testcase classname="tests.test_trinisaver_api.TestAuth" name="test_login_existing_user" time="0.788" /><testcase classname="tests.test_trinisaver_api.TestAuth" name="test_get_auth_me" time="0.475" /><testcase classname="tests.test_trinisaver_api.TestProductsAndStores" name="test_get_products_list" time="0.118" /><testcase classname="tests.test_trinisaver_api.TestProductsAndStores" name="test_search_products_by_name" time="0.140" /><testcase classname="tests.test_trinisaver_api.TestProductsAndStores" name="test_get_stores_list" time="0.149" /><testcase classname="tests.test_trinisaver_api.TestPriceReports" name="test_create_price_report_with_points" time="0.553" /><testcase classname="tests.test_trinisaver_api.TestPriceReports" name="test_get_recent_price_reports" time="0.171" /><testcase classname="tests.test_trinisaver_api.TestUnitPriceComparison" name="test_compare_unit_prices" time="0.128" /><testcase classname="tests.test_trinisaver_api.TestTripPlanner" name="test_plan_trip_with_mocked_traffic" time="0.131" /><testcase classname="tests.test_trinisaver_api.TestTripPlanner" name="test_evening_rush_warning" time="0.167" /><testcase classname="tests.test_trinisaver_api.TestCommunity" name="test_get_leaderboard_all_regions" time="0.146" /><testcase classname="tests.test_trinisaver_api.TestCommunity" name="test_leaderboard_region_filter" time="0.134" /><testcase classname="tests.test_trinisaver_api.TestSavingsAndProfile" name="test_get_savings_summary" time="0.516" /><testcase classname="tests.test_trinisaver_api.TestSavingsAndProfile" name="test_update_profile_settings" time="0.756" /><testcase classname="tests.test_trinisaver_api.TestGasStations" name="test_get_gas_stations_mocked" time="0.238" /></testsuite></testsuites>