<?xml version="1.0" encoding="utf-8"?><testsuites name="pytest tests"><testsuite name="pytest" errors="0" failures="0" skipped="0" tests="8" time="4.112" timestamp="2026-03-16T22:14:19.418328+00:00" hostname="agent-env-6ef79f7d-1314-42e6-91c9-f51b0c19be78"><testcase classname="backend.tests.test_zone_changes.TestGasStationsRemoved" name="test_gas_stations_endpoint_returns_404" time="0.360" /><testcase classname="backend.tests.test_zone_changes.TestNewZoneNames" name="test_stores_have_new_zone_names" time="0.190" /><testcase classname="backend.tests.test_zone_changes.TestNewZoneNames" name="test_register_with_new_zone_names" time="0.869" /><testcase classname="backend.tests.test_zone_changes.TestAddNewStore" name="test_create_new_store_with_auth" time="0.693" /><testcase classname="backend.tests.test_zone_changes.TestAddNewStore" name="test_create_store_requires_auth" time="0.189" /><testcase classname="backend.tests.test_zone_changes.TestAddNewStore" name="test_reject_duplicate_store_names" time="0.664" /><testcase classname="backend.tests.test_zone_changes.TestAddNewStore" name="test_create_store_missing_name" time="0.516" /><testcase classname="backend.tests.test_zone_changes.TestExistingUser" name="test_existing_test_user_login" time="0.444" /></testsuite></testsuites>