<?xml version="1.0" encoding="utf-8"?><testsuites name="pytest tests"><testsuite name="pytest" errors="0" failures="0" skipped="0" tests="10" time="5.571" timestamp="2026-03-16T23:06:08.613549+00:00" hostname="agent-env-6ef79f7d-1314-42e6-91c9-f51b0c19be78"><testcase classname="tests.test_shopping_lists.TestProductCategories" name="test_get_product_categories" time="0.425" /><testcase classname="tests.test_shopping_lists.TestShoppingListCRUD" name="test_create_shopping_list" time="0.633" /><testcase classname="tests.test_shopping_lists.TestShoppingListCRUD" name="test_create_list_requires_auth" time="0.176" /><testcase classname="tests.test_shopping_lists.TestShoppingListCRUD" name="test_get_user_shopping_lists" time="0.513" /><testcase classname="tests.test_shopping_lists.TestShoppingListCRUD" name="test_get_lists_requires_auth" time="0.183" /><testcase classname="tests.test_shopping_lists.TestShoppingListCRUD" name="test_update_shopping_list" time="0.656" /><testcase classname="tests.test_shopping_lists.TestShoppingListCRUD" name="test_update_nonexistent_list" time="0.493" /><testcase classname="tests.test_shopping_lists.TestShoppingListCRUD" name="test_delete_shopping_list" time="0.696" /><testcase classname="tests.test_shopping_lists.TestShoppingListCRUD" name="test_delete_nonexistent_list" time="0.509" /><testcase classname="tests.test_shopping_lists.TestShoppingListCRUD" name="test_user_cannot_update_other_user_list" time="1.087" /></testsuite></testsuites>