<?xml version="1.0" encoding="utf-8"?><testsuites name="pytest tests"><testsuite name="pytest" errors="0" failures="0" skipped="0" tests="9" time="17.544" timestamp="2026-03-17T00:47:03.855245+00:00" hostname="agent-env-6ef79f7d-1314-42e6-91c9-f51b0c19be78"><testcase classname="tests.test_specials_and_scan.TestBanners" name="test_get_banners_returns_three_seeded" time="0.436" /><testcase classname="tests.test_specials_and_scan.TestScanEndpoint" name="test_scan_receipt_endpoint_structure" time="7.589" /><testcase classname="tests.test_specials_and_scan.TestScanEndpoint" name="test_scan_flyer_endpoint_structure" time="1.722" /><testcase classname="tests.test_specials_and_scan.TestScanEndpoint" name="test_scan_single_price_tag_default" time="2.173" /><testcase classname="tests.test_specials_and_scan.TestSpecialsEndpoint" name="test_create_special_awards_15_points" time="2.177" /><testcase classname="tests.test_specials_and_scan.TestSpecialsEndpoint" name="test_get_specials_list" time="0.896" /><testcase classname="tests.test_specials_and_scan.TestSpecialsEndpoint" name="test_get_specials_with_region_filter" time="1.280" /><testcase classname="tests.test_specials_and_scan.TestSpecialsEndpoint" name="test_get_single_special_by_id" time="0.614" /><testcase classname="tests.test_specials_and_scan.TestSpecialsEndpoint" name="test_get_nonexistent_special_returns_404" time="0.400" /></testsuite></testsuites>